  Building Custom Rule C:/Users/bfmal/Desktop/darknet-master/CMakeLists.txt
  CMake does not need to re-run because C:/Users/bfmal/Desktop/darknet-master/newbuild/CMakeFiles/generate.stamp is up-to-date.
  Compiling CUDA source file ..\src\activation_kernels.cu...
  Compiling CUDA source file ..\src\avgpool_layer_kernels.cu...
  Compiling CUDA source file ..\src\blas_kernels.cu...
  
  C:\Users\bfmal\Desktop\darknet-master\newbuild>"C:\Program Files\NVIDIA GPU Computing Toolkit\CUDA\v10.0\bin\nvcc.exe" -gencode=arch=compute_30,code=\"sm_30,compute_30\" -gencode=arch=compute_30,code=\"compute_30,compute_30\" --use-local-env -ccbin "C:\Program Files (x86)\Microsoft Visual Studio\2017\Community\VC\Tools\MSVC\14.16.27023\bin\HostX86\x64" -x cu  -I"C:\Users\bfmal\Desktop\darknet-master\include" -I"C:\Users\bfmal\Desktop\darknet-master\src" -I"C:\Users\bfmal\Desktop\darknet-master\3rdparty\stb\include" -I"C:\Program Files\NVIDIA GPU Computing Toolkit\CUDA\v10.0\include" -I"C:\Dependencies\SOURCE\opencv-3.4.0\build" -I"C:\Dependencies\SOURCE\opencv-3.4.0\include" -I"C:\Dependencies\SOURCE\opencv-3.4.0\include\opencv" -I"C:\Dependencies\SOURCE\opencv-3.4.0\modules\core\include" -I"C:\Dependencies\SOURCE\opencv-3.4.0\modules\flann\include" -I"C:\Dependencies\SOURCE\opencv-3.4.0\modules\imgproc\include" -I"C:\Dependencies\SOURCE\opencv-3.4.0\modules\ml\include" -I"C:\Dependencies\SOURCE\opencv-3.4.0\modules\objdetect\include" -I"C:\Dependencies\SOURCE\opencv-3.4.0\modules\photo\include" -I"C:\Dependencies\SOURCE\opencv-3.4.0\modules\video\include" -I"C:\Dependencies\SOURCE\opencv-3.4.0\modules\dnn\include" -I"C:\Dependencies\SOURCE\opencv-3.4.0\modules\imgcodecs\include" -I"C:\Dependencies\SOURCE\opencv-3.4.0\modules\shape\include" -I"C:\Dependencies\SOURCE\opencv-3.4.0\modules\videoio\include" -I"C:\Dependencies\SOURCE\opencv-3.4.0\modules\highgui\include" -I"C:\Dependencies\SOURCE\opencv-3.4.0\modules\superres\include" -I"C:\Dependencies\SOURCE\opencv-3.4.0\modules\ts\include" -I"C:\Dependencies\SOURCE\opencv-3.4.0\modules\features2d\include" -I"C:\Dependencies\SOURCE\opencv-3.4.0\modules\calib3d\include" -I"C:\Dependencies\SOURCE\opencv-3.4.0\modules\stitching\include" -I"C:\Dependencies\SOURCE\opencv-3.4.0\modules\videostab\include" -I"C:\Users\bfmal\Desktop\darknet-master\3rdparty\pthreads\include" -I"C:\Program Files\NVIDIA GPU Computing Toolkit\CUDA\v10.0\include"     --keep-dir x64\Release -maxrregcount=0  --machine 64 --compile -cudart static -Wno-deprecated-declarations -Xcompiler="/wd4028,/wd4190,/wd4244,/wd4267,/wd4305,/wd4477,/wd4996,/wd4819,/DGPU,/DCUDNN,/DOPENCV /EHsc -Ob2"    -D_WINDOWS -DNDEBUG -D_TIMESPEC_DEFINED -DUSE_CMAKE_LIBS -D_CRT_RAND_S -DNOMINMAX -D_USE_MATH_DEFINES -DOPENCV -DGPU -DCUDNN -D"CMAKE_INTDIR=\"Release\"" -DWIN32 -D_WINDOWS -DNDEBUG -D_TIMESPEC_DEFINED -DUSE_CMAKE_LIBS -D_CRT_RAND_S -DNOMINMAX -D_USE_MATH_DEFINES -DOPENCV -DGPU -DCUDNN -D"CMAKE_INTDIR=\"Release\"" -D_MBCS -Xcompiler "/EHsc /W3 /nologo /O2 /Fddarknet.dir\Release\vc141.pdb /FS /Zi  /MD /GR" -o darknet.dir\Release\avgpool_layer_kernels.obj "C:\Users\bfmal\Desktop\darknet-master\src\avgpool_layer_kernels.cu" 
  
  C:\Users\bfmal\Desktop\darknet-master\newbuild>"C:\Program Files\NVIDIA GPU Computing Toolkit\CUDA\v10.0\bin\nvcc.exe" -gencode=arch=compute_30,code=\"sm_30,compute_30\" -gencode=arch=compute_30,code=\"compute_30,compute_30\" --use-local-env -ccbin "C:\Program Files (x86)\Microsoft Visual Studio\2017\Community\VC\Tools\MSVC\14.16.27023\bin\HostX86\x64" -x cu  -I"C:\Users\bfmal\Desktop\darknet-master\include" -I"C:\Users\bfmal\Desktop\darknet-master\src" -I"C:\Users\bfmal\Desktop\darknet-master\3rdparty\stb\include" -I"C:\Program Files\NVIDIA GPU Computing Toolkit\CUDA\v10.0\include" -I"C:\Dependencies\SOURCE\opencv-3.4.0\build" -I"C:\Dependencies\SOURCE\opencv-3.4.0\include" -I"C:\Dependencies\SOURCE\opencv-3.4.0\include\opencv" -I"C:\Dependencies\SOURCE\opencv-3.4.0\modules\core\include" -I"C:\Dependencies\SOURCE\opencv-3.4.0\modules\flann\include" -I"C:\Dependencies\SOURCE\opencv-3.4.0\modules\imgproc\include" -I"C:\Dependencies\SOURCE\opencv-3.4.0\modules\ml\include" -I"C:\Dependencies\SOURCE\opencv-3.4.0\modules\objdetect\include" -I"C:\Dependencies\SOURCE\opencv-3.4.0\modules\photo\include" -I"C:\Dependencies\SOURCE\opencv-3.4.0\modules\video\include" -I"C:\Dependencies\SOURCE\opencv-3.4.0\modules\dnn\include" -I"C:\Dependencies\SOURCE\opencv-3.4.0\modules\imgcodecs\include" -I"C:\Dependencies\SOURCE\opencv-3.4.0\modules\shape\include" -I"C:\Dependencies\SOURCE\opencv-3.4.0\modules\videoio\include" -I"C:\Dependencies\SOURCE\opencv-3.4.0\modules\highgui\include" -I"C:\Dependencies\SOURCE\opencv-3.4.0\modules\superres\include" -I"C:\Dependencies\SOURCE\opencv-3.4.0\modules\ts\include" -I"C:\Dependencies\SOURCE\opencv-3.4.0\modules\features2d\include" -I"C:\Dependencies\SOURCE\opencv-3.4.0\modules\calib3d\include" -I"C:\Dependencies\SOURCE\opencv-3.4.0\modules\stitching\include" -I"C:\Dependencies\SOURCE\opencv-3.4.0\modules\videostab\include" -I"C:\Users\bfmal\Desktop\darknet-master\3rdparty\pthreads\include" -I"C:\Program Files\NVIDIA GPU Computing Toolkit\CUDA\v10.0\include"     --keep-dir x64\Release -maxrregcount=0  --machine 64 --compile -cudart static -Wno-deprecated-declarations -Xcompiler="/wd4028,/wd4190,/wd4244,/wd4267,/wd4305,/wd4477,/wd4996,/wd4819,/DGPU,/DCUDNN,/DOPENCV /EHsc -Ob2"    -D_WINDOWS -DNDEBUG -D_TIMESPEC_DEFINED -DUSE_CMAKE_LIBS -D_CRT_RAND_S -DNOMINMAX -D_USE_MATH_DEFINES -DOPENCV -DGPU -DCUDNN -D"CMAKE_INTDIR=\"Release\"" -DWIN32 -D_WINDOWS -DNDEBUG -D_TIMESPEC_DEFINED -DUSE_CMAKE_LIBS -D_CRT_RAND_S -DNOMINMAX -D_USE_MATH_DEFINES -DOPENCV -DGPU -DCUDNN -D"CMAKE_INTDIR=\"Release\"" -D_MBCS -Xcompiler "/EHsc /W3 /nologo /O2 /Fddarknet.dir\Release\vc141.pdb /FS /Zi  /MD /GR" -o darknet.dir\Release\activation_kernels.obj "C:\Users\bfmal\Desktop\darknet-master\src\activation_kernels.cu" 
  Compiling CUDA source file ..\src\col2im_kernels.cu...
  
  C:\Users\bfmal\Desktop\darknet-master\newbuild>"C:\Program Files\NVIDIA GPU Computing Toolkit\CUDA\v10.0\bin\nvcc.exe" -gencode=arch=compute_30,code=\"sm_30,compute_30\" -gencode=arch=compute_30,code=\"compute_30,compute_30\" --use-local-env -ccbin "C:\Program Files (x86)\Microsoft Visual Studio\2017\Community\VC\Tools\MSVC\14.16.27023\bin\HostX86\x64" -x cu  -I"C:\Users\bfmal\Desktop\darknet-master\include" -I"C:\Users\bfmal\Desktop\darknet-master\src" -I"C:\Users\bfmal\Desktop\darknet-master\3rdparty\stb\include" -I"C:\Program Files\NVIDIA GPU Computing Toolkit\CUDA\v10.0\include" -I"C:\Dependencies\SOURCE\opencv-3.4.0\build" -I"C:\Dependencies\SOURCE\opencv-3.4.0\include" -I"C:\Dependencies\SOURCE\opencv-3.4.0\include\opencv" -I"C:\Dependencies\SOURCE\opencv-3.4.0\modules\core\include" -I"C:\Dependencies\SOURCE\opencv-3.4.0\modules\flann\include" -I"C:\Dependencies\SOURCE\opencv-3.4.0\modules\imgproc\include" -I"C:\Dependencies\SOURCE\opencv-3.4.0\modules\ml\include" -I"C:\Dependencies\SOURCE\opencv-3.4.0\modules\objdetect\include" -I"C:\Dependencies\SOURCE\opencv-3.4.0\modules\photo\include" -I"C:\Dependencies\SOURCE\opencv-3.4.0\modules\video\include" -I"C:\Dependencies\SOURCE\opencv-3.4.0\modules\dnn\include" -I"C:\Dependencies\SOURCE\opencv-3.4.0\modules\imgcodecs\include" -I"C:\Dependencies\SOURCE\opencv-3.4.0\modules\shape\include" -I"C:\Dependencies\SOURCE\opencv-3.4.0\modules\videoio\include" -I"C:\Dependencies\SOURCE\opencv-3.4.0\modules\highgui\include" -I"C:\Dependencies\SOURCE\opencv-3.4.0\modules\superres\include" -I"C:\Dependencies\SOURCE\opencv-3.4.0\modules\ts\include" -I"C:\Dependencies\SOURCE\opencv-3.4.0\modules\features2d\include" -I"C:\Dependencies\SOURCE\opencv-3.4.0\modules\calib3d\include" -I"C:\Dependencies\SOURCE\opencv-3.4.0\modules\stitching\include" -I"C:\Dependencies\SOURCE\opencv-3.4.0\modules\videostab\include" -I"C:\Users\bfmal\Desktop\darknet-master\3rdparty\pthreads\include" -I"C:\Program Files\NVIDIA GPU Computing Toolkit\CUDA\v10.0\include"     --keep-dir x64\Release -maxrregcount=0  --machine 64 --compile -cudart static -Wno-deprecated-declarations -Xcompiler="/wd4028,/wd4190,/wd4244,/wd4267,/wd4305,/wd4477,/wd4996,/wd4819,/DGPU,/DCUDNN,/DOPENCV /EHsc -Ob2"    -D_WINDOWS -DNDEBUG -D_TIMESPEC_DEFINED -DUSE_CMAKE_LIBS -D_CRT_RAND_S -DNOMINMAX -D_USE_MATH_DEFINES -DOPENCV -DGPU -DCUDNN -D"CMAKE_INTDIR=\"Release\"" -DWIN32 -D_WINDOWS -DNDEBUG -D_TIMESPEC_DEFINED -DUSE_CMAKE_LIBS -D_CRT_RAND_S -DNOMINMAX -D_USE_MATH_DEFINES -DOPENCV -DGPU -DCUDNN -D"CMAKE_INTDIR=\"Release\"" -D_MBCS -Xcompiler "/EHsc /W3 /nologo /O2 /Fddarknet.dir\Release\vc141.pdb /FS /Zi  /MD /GR" -o darknet.dir\Release\blas_kernels.obj "C:\Users\bfmal\Desktop\darknet-master\src\blas_kernels.cu" 
  
  C:\Users\bfmal\Desktop\darknet-master\newbuild>"C:\Program Files\NVIDIA GPU Computing Toolkit\CUDA\v10.0\bin\nvcc.exe" -gencode=arch=compute_30,code=\"sm_30,compute_30\" -gencode=arch=compute_30,code=\"compute_30,compute_30\" --use-local-env -ccbin "C:\Program Files (x86)\Microsoft Visual Studio\2017\Community\VC\Tools\MSVC\14.16.27023\bin\HostX86\x64" -x cu  -I"C:\Users\bfmal\Desktop\darknet-master\include" -I"C:\Users\bfmal\Desktop\darknet-master\src" -I"C:\Users\bfmal\Desktop\darknet-master\3rdparty\stb\include" -I"C:\Program Files\NVIDIA GPU Computing Toolkit\CUDA\v10.0\include" -I"C:\Dependencies\SOURCE\opencv-3.4.0\build" -I"C:\Dependencies\SOURCE\opencv-3.4.0\include" -I"C:\Dependencies\SOURCE\opencv-3.4.0\include\opencv" -I"C:\Dependencies\SOURCE\opencv-3.4.0\modules\core\include" -I"C:\Dependencies\SOURCE\opencv-3.4.0\modules\flann\include" -I"C:\Dependencies\SOURCE\opencv-3.4.0\modules\imgproc\include" -I"C:\Dependencies\SOURCE\opencv-3.4.0\modules\ml\include" -I"C:\Dependencies\SOURCE\opencv-3.4.0\modules\objdetect\include" -I"C:\Dependencies\SOURCE\opencv-3.4.0\modules\photo\include" -I"C:\Dependencies\SOURCE\opencv-3.4.0\modules\video\include" -I"C:\Dependencies\SOURCE\opencv-3.4.0\modules\dnn\include" -I"C:\Dependencies\SOURCE\opencv-3.4.0\modules\imgcodecs\include" -I"C:\Dependencies\SOURCE\opencv-3.4.0\modules\shape\include" -I"C:\Dependencies\SOURCE\opencv-3.4.0\modules\videoio\include" -I"C:\Dependencies\SOURCE\opencv-3.4.0\modules\highgui\include" -I"C:\Dependencies\SOURCE\opencv-3.4.0\modules\superres\include" -I"C:\Dependencies\SOURCE\opencv-3.4.0\modules\ts\include" -I"C:\Dependencies\SOURCE\opencv-3.4.0\modules\features2d\include" -I"C:\Dependencies\SOURCE\opencv-3.4.0\modules\calib3d\include" -I"C:\Dependencies\SOURCE\opencv-3.4.0\modules\stitching\include" -I"C:\Dependencies\SOURCE\opencv-3.4.0\modules\videostab\include" -I"C:\Users\bfmal\Desktop\darknet-master\3rdparty\pthreads\include" -I"C:\Program Files\NVIDIA GPU Computing Toolkit\CUDA\v10.0\include"     --keep-dir x64\Release -maxrregcount=0  --machine 64 --compile -cudart static -Wno-deprecated-declarations -Xcompiler="/wd4028,/wd4190,/wd4244,/wd4267,/wd4305,/wd4477,/wd4996,/wd4819,/DGPU,/DCUDNN,/DOPENCV /EHsc -Ob2"    -D_WINDOWS -DNDEBUG -D_TIMESPEC_DEFINED -DUSE_CMAKE_LIBS -D_CRT_RAND_S -DNOMINMAX -D_USE_MATH_DEFINES -DOPENCV -DGPU -DCUDNN -D"CMAKE_INTDIR=\"Release\"" -DWIN32 -D_WINDOWS -DNDEBUG -D_TIMESPEC_DEFINED -DUSE_CMAKE_LIBS -D_CRT_RAND_S -DNOMINMAX -D_USE_MATH_DEFINES -DOPENCV -DGPU -DCUDNN -D"CMAKE_INTDIR=\"Release\"" -D_MBCS -Xcompiler "/EHsc /W3 /nologo /O2 /Fddarknet.dir\Release\vc141.pdb /FS /Zi  /MD /GR" -o darknet.dir\Release\col2im_kernels.obj "C:\Users\bfmal\Desktop\darknet-master\src\col2im_kernels.cu" 
  avgpool_layer_kernels.cu
  activation_kernels.cu
  Compiling CUDA source file ..\src\convolutional_kernels.cu...
  col2im_kernels.cu
  Compiling CUDA source file ..\src\crop_layer_kernels.cu...
  
  C:\Users\bfmal\Desktop\darknet-master\newbuild>"C:\Program Files\NVIDIA GPU Computing Toolkit\CUDA\v10.0\bin\nvcc.exe" -gencode=arch=compute_30,code=\"sm_30,compute_30\" -gencode=arch=compute_30,code=\"compute_30,compute_30\" --use-local-env -ccbin "C:\Program Files (x86)\Microsoft Visual Studio\2017\Community\VC\Tools\MSVC\14.16.27023\bin\HostX86\x64" -x cu  -I"C:\Users\bfmal\Desktop\darknet-master\include" -I"C:\Users\bfmal\Desktop\darknet-master\src" -I"C:\Users\bfmal\Desktop\darknet-master\3rdparty\stb\include" -I"C:\Program Files\NVIDIA GPU Computing Toolkit\CUDA\v10.0\include" -I"C:\Dependencies\SOURCE\opencv-3.4.0\build" -I"C:\Dependencies\SOURCE\opencv-3.4.0\include" -I"C:\Dependencies\SOURCE\opencv-3.4.0\include\opencv" -I"C:\Dependencies\SOURCE\opencv-3.4.0\modules\core\include" -I"C:\Dependencies\SOURCE\opencv-3.4.0\modules\flann\include" -I"C:\Dependencies\SOURCE\opencv-3.4.0\modules\imgproc\include" -I"C:\Dependencies\SOURCE\opencv-3.4.0\modules\ml\include" -I"C:\Dependencies\SOURCE\opencv-3.4.0\modules\objdetect\include" -I"C:\Dependencies\SOURCE\opencv-3.4.0\modules\photo\include" -I"C:\Dependencies\SOURCE\opencv-3.4.0\modules\video\include" -I"C:\Dependencies\SOURCE\opencv-3.4.0\modules\dnn\include" -I"C:\Dependencies\SOURCE\opencv-3.4.0\modules\imgcodecs\include" -I"C:\Dependencies\SOURCE\opencv-3.4.0\modules\shape\include" -I"C:\Dependencies\SOURCE\opencv-3.4.0\modules\videoio\include" -I"C:\Dependencies\SOURCE\opencv-3.4.0\modules\highgui\include" -I"C:\Dependencies\SOURCE\opencv-3.4.0\modules\superres\include" -I"C:\Dependencies\SOURCE\opencv-3.4.0\modules\ts\include" -I"C:\Dependencies\SOURCE\opencv-3.4.0\modules\features2d\include" -I"C:\Dependencies\SOURCE\opencv-3.4.0\modules\calib3d\include" -I"C:\Dependencies\SOURCE\opencv-3.4.0\modules\stitching\include" -I"C:\Dependencies\SOURCE\opencv-3.4.0\modules\videostab\include" -I"C:\Users\bfmal\Desktop\darknet-master\3rdparty\pthreads\include" -I"C:\Program Files\NVIDIA GPU Computing Toolkit\CUDA\v10.0\include"     --keep-dir x64\Release -maxrregcount=0  --machine 64 --compile -cudart static -Wno-deprecated-declarations -Xcompiler="/wd4028,/wd4190,/wd4244,/wd4267,/wd4305,/wd4477,/wd4996,/wd4819,/DGPU,/DCUDNN,/DOPENCV /EHsc -Ob2"    -D_WINDOWS -DNDEBUG -D_TIMESPEC_DEFINED -DUSE_CMAKE_LIBS -D_CRT_RAND_S -DNOMINMAX -D_USE_MATH_DEFINES -DOPENCV -DGPU -DCUDNN -D"CMAKE_INTDIR=\"Release\"" -DWIN32 -D_WINDOWS -DNDEBUG -D_TIMESPEC_DEFINED -DUSE_CMAKE_LIBS -D_CRT_RAND_S -DNOMINMAX -D_USE_MATH_DEFINES -DOPENCV -DGPU -DCUDNN -D"CMAKE_INTDIR=\"Release\"" -D_MBCS -Xcompiler "/EHsc /W3 /nologo /O2 /Fddarknet.dir\Release\vc141.pdb /FS /Zi  /MD /GR" -o darknet.dir\Release\convolutional_kernels.obj "C:\Users\bfmal\Desktop\darknet-master\src\convolutional_kernels.cu" 
  
  C:\Users\bfmal\Desktop\darknet-master\newbuild>"C:\Program Files\NVIDIA GPU Computing Toolkit\CUDA\v10.0\bin\nvcc.exe" -gencode=arch=compute_30,code=\"sm_30,compute_30\" -gencode=arch=compute_30,code=\"compute_30,compute_30\" --use-local-env -ccbin "C:\Program Files (x86)\Microsoft Visual Studio\2017\Community\VC\Tools\MSVC\14.16.27023\bin\HostX86\x64" -x cu  -I"C:\Users\bfmal\Desktop\darknet-master\include" -I"C:\Users\bfmal\Desktop\darknet-master\src" -I"C:\Users\bfmal\Desktop\darknet-master\3rdparty\stb\include" -I"C:\Program Files\NVIDIA GPU Computing Toolkit\CUDA\v10.0\include" -I"C:\Dependencies\SOURCE\opencv-3.4.0\build" -I"C:\Dependencies\SOURCE\opencv-3.4.0\include" -I"C:\Dependencies\SOURCE\opencv-3.4.0\include\opencv" -I"C:\Dependencies\SOURCE\opencv-3.4.0\modules\core\include" -I"C:\Dependencies\SOURCE\opencv-3.4.0\modules\flann\include" -I"C:\Dependencies\SOURCE\opencv-3.4.0\modules\imgproc\include" -I"C:\Dependencies\SOURCE\opencv-3.4.0\modules\ml\include" -I"C:\Dependencies\SOURCE\opencv-3.4.0\modules\objdetect\include" -I"C:\Dependencies\SOURCE\opencv-3.4.0\modules\photo\include" -I"C:\Dependencies\SOURCE\opencv-3.4.0\modules\video\include" -I"C:\Dependencies\SOURCE\opencv-3.4.0\modules\dnn\include" -I"C:\Dependencies\SOURCE\opencv-3.4.0\modules\imgcodecs\include" -I"C:\Dependencies\SOURCE\opencv-3.4.0\modules\shape\include" -I"C:\Dependencies\SOURCE\opencv-3.4.0\modules\videoio\include" -I"C:\Dependencies\SOURCE\opencv-3.4.0\modules\highgui\include" -I"C:\Dependencies\SOURCE\opencv-3.4.0\modules\superres\include" -I"C:\Dependencies\SOURCE\opencv-3.4.0\modules\ts\include" -I"C:\Dependencies\SOURCE\opencv-3.4.0\modules\features2d\include" -I"C:\Dependencies\SOURCE\opencv-3.4.0\modules\calib3d\include" -I"C:\Dependencies\SOURCE\opencv-3.4.0\modules\stitching\include" -I"C:\Dependencies\SOURCE\opencv-3.4.0\modules\videostab\include" -I"C:\Users\bfmal\Desktop\darknet-master\3rdparty\pthreads\include" -I"C:\Program Files\NVIDIA GPU Computing Toolkit\CUDA\v10.0\include"     --keep-dir x64\Release -maxrregcount=0  --machine 64 --compile -cudart static -Wno-deprecated-declarations -Xcompiler="/wd4028,/wd4190,/wd4244,/wd4267,/wd4305,/wd4477,/wd4996,/wd4819,/DGPU,/DCUDNN,/DOPENCV /EHsc -Ob2"    -D_WINDOWS -DNDEBUG -D_TIMESPEC_DEFINED -DUSE_CMAKE_LIBS -D_CRT_RAND_S -DNOMINMAX -D_USE_MATH_DEFINES -DOPENCV -DGPU -DCUDNN -D"CMAKE_INTDIR=\"Release\"" -DWIN32 -D_WINDOWS -DNDEBUG -D_TIMESPEC_DEFINED -DUSE_CMAKE_LIBS -D_CRT_RAND_S -DNOMINMAX -D_USE_MATH_DEFINES -DOPENCV -DGPU -DCUDNN -D"CMAKE_INTDIR=\"Release\"" -D_MBCS -Xcompiler "/EHsc /W3 /nologo /O2 /Fddarknet.dir\Release\vc141.pdb /FS /Zi  /MD /GR" -o darknet.dir\Release\crop_layer_kernels.obj "C:\Users\bfmal\Desktop\darknet-master\src\crop_layer_kernels.cu" 
  Compiling CUDA source file ..\src\deconvolutional_kernels.cu...
  
  C:\Users\bfmal\Desktop\darknet-master\newbuild>"C:\Program Files\NVIDIA GPU Computing Toolkit\CUDA\v10.0\bin\nvcc.exe" -gencode=arch=compute_30,code=\"sm_30,compute_30\" -gencode=arch=compute_30,code=\"compute_30,compute_30\" --use-local-env -ccbin "C:\Program Files (x86)\Microsoft Visual Studio\2017\Community\VC\Tools\MSVC\14.16.27023\bin\HostX86\x64" -x cu  -I"C:\Users\bfmal\Desktop\darknet-master\include" -I"C:\Users\bfmal\Desktop\darknet-master\src" -I"C:\Users\bfmal\Desktop\darknet-master\3rdparty\stb\include" -I"C:\Program Files\NVIDIA GPU Computing Toolkit\CUDA\v10.0\include" -I"C:\Dependencies\SOURCE\opencv-3.4.0\build" -I"C:\Dependencies\SOURCE\opencv-3.4.0\include" -I"C:\Dependencies\SOURCE\opencv-3.4.0\include\opencv" -I"C:\Dependencies\SOURCE\opencv-3.4.0\modules\core\include" -I"C:\Dependencies\SOURCE\opencv-3.4.0\modules\flann\include" -I"C:\Dependencies\SOURCE\opencv-3.4.0\modules\imgproc\include" -I"C:\Dependencies\SOURCE\opencv-3.4.0\modules\ml\include" -I"C:\Dependencies\SOURCE\opencv-3.4.0\modules\objdetect\include" -I"C:\Dependencies\SOURCE\opencv-3.4.0\modules\photo\include" -I"C:\Dependencies\SOURCE\opencv-3.4.0\modules\video\include" -I"C:\Dependencies\SOURCE\opencv-3.4.0\modules\dnn\include" -I"C:\Dependencies\SOURCE\opencv-3.4.0\modules\imgcodecs\include" -I"C:\Dependencies\SOURCE\opencv-3.4.0\modules\shape\include" -I"C:\Dependencies\SOURCE\opencv-3.4.0\modules\videoio\include" -I"C:\Dependencies\SOURCE\opencv-3.4.0\modules\highgui\include" -I"C:\Dependencies\SOURCE\opencv-3.4.0\modules\superres\include" -I"C:\Dependencies\SOURCE\opencv-3.4.0\modules\ts\include" -I"C:\Dependencies\SOURCE\opencv-3.4.0\modules\features2d\include" -I"C:\Dependencies\SOURCE\opencv-3.4.0\modules\calib3d\include" -I"C:\Dependencies\SOURCE\opencv-3.4.0\modules\stitching\include" -I"C:\Dependencies\SOURCE\opencv-3.4.0\modules\videostab\include" -I"C:\Users\bfmal\Desktop\darknet-master\3rdparty\pthreads\include" -I"C:\Program Files\NVIDIA GPU Computing Toolkit\CUDA\v10.0\include"     --keep-dir x64\Release -maxrregcount=0  --machine 64 --compile -cudart static -Wno-deprecated-declarations -Xcompiler="/wd4028,/wd4190,/wd4244,/wd4267,/wd4305,/wd4477,/wd4996,/wd4819,/DGPU,/DCUDNN,/DOPENCV /EHsc -Ob2"    -D_WINDOWS -DNDEBUG -D_TIMESPEC_DEFINED -DUSE_CMAKE_LIBS -D_CRT_RAND_S -DNOMINMAX -D_USE_MATH_DEFINES -DOPENCV -DGPU -DCUDNN -D"CMAKE_INTDIR=\"Release\"" -DWIN32 -D_WINDOWS -DNDEBUG -D_TIMESPEC_DEFINED -DUSE_CMAKE_LIBS -D_CRT_RAND_S -DNOMINMAX -D_USE_MATH_DEFINES -DOPENCV -DGPU -DCUDNN -D"CMAKE_INTDIR=\"Release\"" -D_MBCS -Xcompiler "/EHsc /W3 /nologo /O2 /Fddarknet.dir\Release\vc141.pdb /FS /Zi  /MD /GR" -o darknet.dir\Release\deconvolutional_kernels.obj "C:\Users\bfmal\Desktop\darknet-master\src\deconvolutional_kernels.cu" 
  blas_kernels.cu
  Compiling CUDA source file ..\src\dropout_layer_kernels.cu...
  
  C:\Users\bfmal\Desktop\darknet-master\newbuild>"C:\Program Files\NVIDIA GPU Computing Toolkit\CUDA\v10.0\bin\nvcc.exe" -gencode=arch=compute_30,code=\"sm_30,compute_30\" -gencode=arch=compute_30,code=\"compute_30,compute_30\" --use-local-env -ccbin "C:\Program Files (x86)\Microsoft Visual Studio\2017\Community\VC\Tools\MSVC\14.16.27023\bin\HostX86\x64" -x cu  -I"C:\Users\bfmal\Desktop\darknet-master\include" -I"C:\Users\bfmal\Desktop\darknet-master\src" -I"C:\Users\bfmal\Desktop\darknet-master\3rdparty\stb\include" -I"C:\Program Files\NVIDIA GPU Computing Toolkit\CUDA\v10.0\include" -I"C:\Dependencies\SOURCE\opencv-3.4.0\build" -I"C:\Dependencies\SOURCE\opencv-3.4.0\include" -I"C:\Dependencies\SOURCE\opencv-3.4.0\include\opencv" -I"C:\Dependencies\SOURCE\opencv-3.4.0\modules\core\include" -I"C:\Dependencies\SOURCE\opencv-3.4.0\modules\flann\include" -I"C:\Dependencies\SOURCE\opencv-3.4.0\modules\imgproc\include" -I"C:\Dependencies\SOURCE\opencv-3.4.0\modules\ml\include" -I"C:\Dependencies\SOURCE\opencv-3.4.0\modules\objdetect\include" -I"C:\Dependencies\SOURCE\opencv-3.4.0\modules\photo\include" -I"C:\Dependencies\SOURCE\opencv-3.4.0\modules\video\include" -I"C:\Dependencies\SOURCE\opencv-3.4.0\modules\dnn\include" -I"C:\Dependencies\SOURCE\opencv-3.4.0\modules\imgcodecs\include" -I"C:\Dependencies\SOURCE\opencv-3.4.0\modules\shape\include" -I"C:\Dependencies\SOURCE\opencv-3.4.0\modules\videoio\include" -I"C:\Dependencies\SOURCE\opencv-3.4.0\modules\highgui\include" -I"C:\Dependencies\SOURCE\opencv-3.4.0\modules\superres\include" -I"C:\Dependencies\SOURCE\opencv-3.4.0\modules\ts\include" -I"C:\Dependencies\SOURCE\opencv-3.4.0\modules\features2d\include" -I"C:\Dependencies\SOURCE\opencv-3.4.0\modules\calib3d\include" -I"C:\Dependencies\SOURCE\opencv-3.4.0\modules\stitching\include" -I"C:\Dependencies\SOURCE\opencv-3.4.0\modules\videostab\include" -I"C:\Users\bfmal\Desktop\darknet-master\3rdparty\pthreads\include" -I"C:\Program Files\NVIDIA GPU Computing Toolkit\CUDA\v10.0\include"     --keep-dir x64\Release -maxrregcount=0  --machine 64 --compile -cudart static -Wno-deprecated-declarations -Xcompiler="/wd4028,/wd4190,/wd4244,/wd4267,/wd4305,/wd4477,/wd4996,/wd4819,/DGPU,/DCUDNN,/DOPENCV /EHsc -Ob2"    -D_WINDOWS -DNDEBUG -D_TIMESPEC_DEFINED -DUSE_CMAKE_LIBS -D_CRT_RAND_S -DNOMINMAX -D_USE_MATH_DEFINES -DOPENCV -DGPU -DCUDNN -D"CMAKE_INTDIR=\"Release\"" -DWIN32 -D_WINDOWS -DNDEBUG -D_TIMESPEC_DEFINED -DUSE_CMAKE_LIBS -D_CRT_RAND_S -DNOMINMAX -D_USE_MATH_DEFINES -DOPENCV -DGPU -DCUDNN -D"CMAKE_INTDIR=\"Release\"" -D_MBCS -Xcompiler "/EHsc /W3 /nologo /O2 /Fddarknet.dir\Release\vc141.pdb /FS /Zi  /MD /GR" -o darknet.dir\Release\dropout_layer_kernels.obj "C:\Users\bfmal\Desktop\darknet-master\src\dropout_layer_kernels.cu" 
  convolutional_kernels.cu
  crop_layer_kernels.cu
  deconvolutional_kernels.cu
  Compiling CUDA source file ..\src\im2col_kernels.cu...
  Compiling CUDA source file ..\src\maxpool_layer_kernels.cu...
  
  C:\Users\bfmal\Desktop\darknet-master\newbuild>"C:\Program Files\NVIDIA GPU Computing Toolkit\CUDA\v10.0\bin\nvcc.exe" -gencode=arch=compute_30,code=\"sm_30,compute_30\" -gencode=arch=compute_30,code=\"compute_30,compute_30\" --use-local-env -ccbin "C:\Program Files (x86)\Microsoft Visual Studio\2017\Community\VC\Tools\MSVC\14.16.27023\bin\HostX86\x64" -x cu  -I"C:\Users\bfmal\Desktop\darknet-master\include" -I"C:\Users\bfmal\Desktop\darknet-master\src" -I"C:\Users\bfmal\Desktop\darknet-master\3rdparty\stb\include" -I"C:\Program Files\NVIDIA GPU Computing Toolkit\CUDA\v10.0\include" -I"C:\Dependencies\SOURCE\opencv-3.4.0\build" -I"C:\Dependencies\SOURCE\opencv-3.4.0\include" -I"C:\Dependencies\SOURCE\opencv-3.4.0\include\opencv" -I"C:\Dependencies\SOURCE\opencv-3.4.0\modules\core\include" -I"C:\Dependencies\SOURCE\opencv-3.4.0\modules\flann\include" -I"C:\Dependencies\SOURCE\opencv-3.4.0\modules\imgproc\include" -I"C:\Dependencies\SOURCE\opencv-3.4.0\modules\ml\include" -I"C:\Dependencies\SOURCE\opencv-3.4.0\modules\objdetect\include" -I"C:\Dependencies\SOURCE\opencv-3.4.0\modules\photo\include" -I"C:\Dependencies\SOURCE\opencv-3.4.0\modules\video\include" -I"C:\Dependencies\SOURCE\opencv-3.4.0\modules\dnn\include" -I"C:\Dependencies\SOURCE\opencv-3.4.0\modules\imgcodecs\include" -I"C:\Dependencies\SOURCE\opencv-3.4.0\modules\shape\include" -I"C:\Dependencies\SOURCE\opencv-3.4.0\modules\videoio\include" -I"C:\Dependencies\SOURCE\opencv-3.4.0\modules\highgui\include" -I"C:\Dependencies\SOURCE\opencv-3.4.0\modules\superres\include" -I"C:\Dependencies\SOURCE\opencv-3.4.0\modules\ts\include" -I"C:\Dependencies\SOURCE\opencv-3.4.0\modules\features2d\include" -I"C:\Dependencies\SOURCE\opencv-3.4.0\modules\calib3d\include" -I"C:\Dependencies\SOURCE\opencv-3.4.0\modules\stitching\include" -I"C:\Dependencies\SOURCE\opencv-3.4.0\modules\videostab\include" -I"C:\Users\bfmal\Desktop\darknet-master\3rdparty\pthreads\include" -I"C:\Program Files\NVIDIA GPU Computing Toolkit\CUDA\v10.0\include"     --keep-dir x64\Release -maxrregcount=0  --machine 64 --compile -cudart static -Wno-deprecated-declarations -Xcompiler="/wd4028,/wd4190,/wd4244,/wd4267,/wd4305,/wd4477,/wd4996,/wd4819,/DGPU,/DCUDNN,/DOPENCV /EHsc -Ob2"    -D_WINDOWS -DNDEBUG -D_TIMESPEC_DEFINED -DUSE_CMAKE_LIBS -D_CRT_RAND_S -DNOMINMAX -D_USE_MATH_DEFINES -DOPENCV -DGPU -DCUDNN -D"CMAKE_INTDIR=\"Release\"" -DWIN32 -D_WINDOWS -DNDEBUG -D_TIMESPEC_DEFINED -DUSE_CMAKE_LIBS -D_CRT_RAND_S -DNOMINMAX -D_USE_MATH_DEFINES -DOPENCV -DGPU -DCUDNN -D"CMAKE_INTDIR=\"Release\"" -D_MBCS -Xcompiler "/EHsc /W3 /nologo /O2 /Fddarknet.dir\Release\vc141.pdb /FS /Zi  /MD /GR" -o darknet.dir\Release\im2col_kernels.obj "C:\Users\bfmal\Desktop\darknet-master\src\im2col_kernels.cu" 
  
  C:\Users\bfmal\Desktop\darknet-master\newbuild>"C:\Program Files\NVIDIA GPU Computing Toolkit\CUDA\v10.0\bin\nvcc.exe" -gencode=arch=compute_30,code=\"sm_30,compute_30\" -gencode=arch=compute_30,code=\"compute_30,compute_30\" --use-local-env -ccbin "C:\Program Files (x86)\Microsoft Visual Studio\2017\Community\VC\Tools\MSVC\14.16.27023\bin\HostX86\x64" -x cu  -I"C:\Users\bfmal\Desktop\darknet-master\include" -I"C:\Users\bfmal\Desktop\darknet-master\src" -I"C:\Users\bfmal\Desktop\darknet-master\3rdparty\stb\include" -I"C:\Program Files\NVIDIA GPU Computing Toolkit\CUDA\v10.0\include" -I"C:\Dependencies\SOURCE\opencv-3.4.0\build" -I"C:\Dependencies\SOURCE\opencv-3.4.0\include" -I"C:\Dependencies\SOURCE\opencv-3.4.0\include\opencv" -I"C:\Dependencies\SOURCE\opencv-3.4.0\modules\core\include" -I"C:\Dependencies\SOURCE\opencv-3.4.0\modules\flann\include" -I"C:\Dependencies\SOURCE\opencv-3.4.0\modules\imgproc\include" -I"C:\Dependencies\SOURCE\opencv-3.4.0\modules\ml\include" -I"C:\Dependencies\SOURCE\opencv-3.4.0\modules\objdetect\include" -I"C:\Dependencies\SOURCE\opencv-3.4.0\modules\photo\include" -I"C:\Dependencies\SOURCE\opencv-3.4.0\modules\video\include" -I"C:\Dependencies\SOURCE\opencv-3.4.0\modules\dnn\include" -I"C:\Dependencies\SOURCE\opencv-3.4.0\modules\imgcodecs\include" -I"C:\Dependencies\SOURCE\opencv-3.4.0\modules\shape\include" -I"C:\Dependencies\SOURCE\opencv-3.4.0\modules\videoio\include" -I"C:\Dependencies\SOURCE\opencv-3.4.0\modules\highgui\include" -I"C:\Dependencies\SOURCE\opencv-3.4.0\modules\superres\include" -I"C:\Dependencies\SOURCE\opencv-3.4.0\modules\ts\include" -I"C:\Dependencies\SOURCE\opencv-3.4.0\modules\features2d\include" -I"C:\Dependencies\SOURCE\opencv-3.4.0\modules\calib3d\include" -I"C:\Dependencies\SOURCE\opencv-3.4.0\modules\stitching\include" -I"C:\Dependencies\SOURCE\opencv-3.4.0\modules\videostab\include" -I"C:\Users\bfmal\Desktop\darknet-master\3rdparty\pthreads\include" -I"C:\Program Files\NVIDIA GPU Computing Toolkit\CUDA\v10.0\include"     --keep-dir x64\Release -maxrregcount=0  --machine 64 --compile -cudart static -Wno-deprecated-declarations -Xcompiler="/wd4028,/wd4190,/wd4244,/wd4267,/wd4305,/wd4477,/wd4996,/wd4819,/DGPU,/DCUDNN,/DOPENCV /EHsc -Ob2"    -D_WINDOWS -DNDEBUG -D_TIMESPEC_DEFINED -DUSE_CMAKE_LIBS -D_CRT_RAND_S -DNOMINMAX -D_USE_MATH_DEFINES -DOPENCV -DGPU -DCUDNN -D"CMAKE_INTDIR=\"Release\"" -DWIN32 -D_WINDOWS -DNDEBUG -D_TIMESPEC_DEFINED -DUSE_CMAKE_LIBS -D_CRT_RAND_S -DNOMINMAX -D_USE_MATH_DEFINES -DOPENCV -DGPU -DCUDNN -D"CMAKE_INTDIR=\"Release\"" -D_MBCS -Xcompiler "/EHsc /W3 /nologo /O2 /Fddarknet.dir\Release\vc141.pdb /FS /Zi  /MD /GR" -o darknet.dir\Release\maxpool_layer_kernels.obj "C:\Users\bfmal\Desktop\darknet-master\src\maxpool_layer_kernels.cu" 
  Compiling CUDA source file ..\src\network_kernels.cu...
  
  C:\Users\bfmal\Desktop\darknet-master\newbuild>"C:\Program Files\NVIDIA GPU Computing Toolkit\CUDA\v10.0\bin\nvcc.exe" -gencode=arch=compute_30,code=\"sm_30,compute_30\" -gencode=arch=compute_30,code=\"compute_30,compute_30\" --use-local-env -ccbin "C:\Program Files (x86)\Microsoft Visual Studio\2017\Community\VC\Tools\MSVC\14.16.27023\bin\HostX86\x64" -x cu  -I"C:\Users\bfmal\Desktop\darknet-master\include" -I"C:\Users\bfmal\Desktop\darknet-master\src" -I"C:\Users\bfmal\Desktop\darknet-master\3rdparty\stb\include" -I"C:\Program Files\NVIDIA GPU Computing Toolkit\CUDA\v10.0\include" -I"C:\Dependencies\SOURCE\opencv-3.4.0\build" -I"C:\Dependencies\SOURCE\opencv-3.4.0\include" -I"C:\Dependencies\SOURCE\opencv-3.4.0\include\opencv" -I"C:\Dependencies\SOURCE\opencv-3.4.0\modules\core\include" -I"C:\Dependencies\SOURCE\opencv-3.4.0\modules\flann\include" -I"C:\Dependencies\SOURCE\opencv-3.4.0\modules\imgproc\include" -I"C:\Dependencies\SOURCE\opencv-3.4.0\modules\ml\include" -I"C:\Dependencies\SOURCE\opencv-3.4.0\modules\objdetect\include" -I"C:\Dependencies\SOURCE\opencv-3.4.0\modules\photo\include" -I"C:\Dependencies\SOURCE\opencv-3.4.0\modules\video\include" -I"C:\Dependencies\SOURCE\opencv-3.4.0\modules\dnn\include" -I"C:\Dependencies\SOURCE\opencv-3.4.0\modules\imgcodecs\include" -I"C:\Dependencies\SOURCE\opencv-3.4.0\modules\shape\include" -I"C:\Dependencies\SOURCE\opencv-3.4.0\modules\videoio\include" -I"C:\Dependencies\SOURCE\opencv-3.4.0\modules\highgui\include" -I"C:\Dependencies\SOURCE\opencv-3.4.0\modules\superres\include" -I"C:\Dependencies\SOURCE\opencv-3.4.0\modules\ts\include" -I"C:\Dependencies\SOURCE\opencv-3.4.0\modules\features2d\include" -I"C:\Dependencies\SOURCE\opencv-3.4.0\modules\calib3d\include" -I"C:\Dependencies\SOURCE\opencv-3.4.0\modules\stitching\include" -I"C:\Dependencies\SOURCE\opencv-3.4.0\modules\videostab\include" -I"C:\Users\bfmal\Desktop\darknet-master\3rdparty\pthreads\include" -I"C:\Program Files\NVIDIA GPU Computing Toolkit\CUDA\v10.0\include"     --keep-dir x64\Release -maxrregcount=0  --machine 64 --compile -cudart static -Wno-deprecated-declarations -Xcompiler="/wd4028,/wd4190,/wd4244,/wd4267,/wd4305,/wd4477,/wd4996,/wd4819,/DGPU,/DCUDNN,/DOPENCV /EHsc -Ob2"    -D_WINDOWS -DNDEBUG -D_TIMESPEC_DEFINED -DUSE_CMAKE_LIBS -D_CRT_RAND_S -DNOMINMAX -D_USE_MATH_DEFINES -DOPENCV -DGPU -DCUDNN -D"CMAKE_INTDIR=\"Release\"" -DWIN32 -D_WINDOWS -DNDEBUG -D_TIMESPEC_DEFINED -DUSE_CMAKE_LIBS -D_CRT_RAND_S -DNOMINMAX -D_USE_MATH_DEFINES -DOPENCV -DGPU -DCUDNN -D"CMAKE_INTDIR=\"Release\"" -D_MBCS -Xcompiler "/EHsc /W3 /nologo /O2 /Fddarknet.dir\Release\vc141.pdb /FS /Zi  /MD /GR" -o darknet.dir\Release\network_kernels.obj "C:\Users\bfmal\Desktop\darknet-master\src\network_kernels.cu" 
  dropout_layer_kernels.cu
  maxpool_layer_kernels.cu
  network_kernels.cu
  im2col_kernels.cu
  darknet.c
  activation_layer.c
  activations.c
  art.c
  avgpool_layer.c
  batchnorm_layer.c
  blas.c
  box.c
  captcha.c
  cifar.c
  classifier.c
  coco.c
  col2im.c
  compare.c
  connected_layer.c
  convolutional_layer.c
  cost_layer.c
  cpu_gemm.c
  crnn_layer.c
  crop_layer.c
  Generating Code...
  Compiling...
  dark_cuda.c
  data.c
  deconvolutional_layer.c
  demo.c
  detection_layer.c
  detector.c
  dice.c
  dropout_layer.c
  gemm.c
  go.c
  gru_layer.c
  im2col.c
  image.c
  layer.c
  list.c
  local_layer.c
  lstm_layer.c
  matrix.c
  maxpool_layer.c
  network.c
  Generating Code...
  Compiling...
  nightmare.c
  normalization_layer.c
  option_list.c
  parser.c
  region_layer.c
  reorg_layer.c
  reorg_old_layer.c
  rnn.c
  rnn_layer.c
  rnn_vid.c
  route_layer.c
  shortcut_layer.c
  softmax_layer.c
  super.c
  swag.c
  tag.c
  tree.c
  upsample_layer.c
  utils.c
  voxel.c
  Generating Code...
  Compiling...
  writing.c
  yolo.c
  yolo_layer.c
  http_stream.cpp
C:\Users\bfmal\Desktop\darknet-master\src\http_stream.cpp(494): warning C4200: nonstandard extension used: zero-sized array in struct/union
  C:\Users\bfmal\Desktop\darknet-master\src\http_stream.cpp(494): note: This member will be ignored by a defaulted constructor or copy/move assignment operator
  image_opencv.cpp
C:\Users\bfmal\Desktop\darknet-master\src\image_opencv.cpp(80): warning C4200: nonstandard extension used: zero-sized array in struct/union
  C:\Users\bfmal\Desktop\darknet-master\src\image_opencv.cpp(80): note: This member will be ignored by a defaulted constructor or copy/move assignment operator
C:\Users\bfmal\Desktop\darknet-master\src\image_opencv.cpp(81): warning C4200: nonstandard extension used: zero-sized array in struct/union
  C:\Users\bfmal\Desktop\darknet-master\src\image_opencv.cpp(81): note: This member will be ignored by a defaulted constructor or copy/move assignment operator
C:\Users\bfmal\Desktop\darknet-master\src\image_opencv.cpp(82): warning C4200: nonstandard extension used: zero-sized array in struct/union
  C:\Users\bfmal\Desktop\darknet-master\src\image_opencv.cpp(82): note: This member will be ignored by a defaulted constructor or copy/move assignment operator
  gettimeofday.c
  getopt.c
  Generating Code...
     Creating library C:/Users/bfmal/Desktop/darknet-master/newbuild/Release/darknet.lib and object C:/Users/bfmal/Desktop/darknet-master/newbuild/Release/darknet.exp
  darknet.vcxproj -> C:\Users\bfmal\Desktop\darknet-master\newbuild\Release\darknet.exe
